<?xml version="1.0" encoding="UTF-8"?>
<!-- Generated by org.testng.reporters.JUnitXMLReporter -->
<testsuite ignored="10" hostname="DESKTOP-613KFGD" failures="1" tests="6" name="GroupTest" time="32.983" errors="0" timestamp="2023-10-31T19:13:55 IST">
  <testcase classname="testCases.Login_Page_Test" name="loginToApplicationTest" time="1.139"/>
  <testcase classname="testCases.CartPage_Test" name="verifyURLOfApplicationTest" time="0.052"/>
  <testcase classname="testCases.Checkout_Complete_Page_Test" name="verifycheckImgTest" time="0.043"/>
  <testcase classname="testCases.Checkout_Complete_Page_Test" name="verifythankUTxtTest" time="0.062"/>
  <testcase classname="testCases.Inventory_Page_Test" name="add6ProductTest" time="0.883"/>
  <testcase classname="testCases.Inventory_Page_Test" name="remove2ProductTest" time="0.755">
    <failure type="java.lang.AssertionError" message="expected [4] but found [6]">
      <![CDATA[java.lang.AssertionError: expected [4] but found [6]
at testCases.Inventory_Page_Test.remove2ProductTest(Inventory_Page_Test.java:45)
at java.base/java.util.ArrayList.forEach(ArrayList.java:1511)
... Removed 33 stack frames]]>
    </failure>
  </testcase> <!-- remove2ProductTest -->
  <testcase classname="testCases.Checkout_Page_2_Test" name="verifyTotalTxtTest" time="0.0">
    <ignored/>
  </testcase> <!-- verifyTotalTxtTest -->
  <testcase classname="testCases.Login_Page_Test" name="verifyTitleTest" time="0.0">
    <ignored/>
  </testcase> <!-- verifyTitleTest -->
  <testcase classname="testCases.Checkout_Complete_Page_Test" name="verifyURLTest" time="0.0">
    <ignored/>
  </testcase> <!-- verifyURLTest -->
  <testcase classname="testCases.Checkout_Page_Test" name="verifyURLOfApplicationTest" time="0.0">
    <ignored/>
  </testcase> <!-- verifyURLOfApplicationTest -->
  <testcase classname="testCases.VerifyMultipleCredentialsTest" name="loginToApplicationWithMultipleDataTest" time="0.0">
    <ignored/>
  </testcase> <!-- loginToApplicationWithMultipleDataTest -->
  <testcase classname="testCases.Checkout_Page_2_Test" name="verifycheckoutPageLableTest" time="0.0">
    <ignored/>
  </testcase> <!-- verifycheckoutPageLableTest -->
  <testcase classname="testCases.Login_Page_Test" name="verifyURL" time="0.0">
    <ignored/>
  </testcase> <!-- verifyURL -->
  <testcase classname="testCases.CartPage_Test" name="verifyTitleOfCartTest" time="0.0">
    <ignored/>
  </testcase> <!-- verifyTitleOfCartTest -->
  <testcase classname="testCases.Checkout_Complete_Page_Test" name="verifycheckoutCompleteLableTest" time="0.0">
    <ignored/>
  </testcase> <!-- verifycheckoutCompleteLableTest -->
  <testcase classname="testCases.Checkout_Page_Test" name="inputInfoTest" time="0.0">
    <ignored/>
  </testcase> <!-- inputInfoTest -->
</testsuite> <!-- GroupTest -->
